[debug] [2022-01-27T16:28:17.327Z] ----------------------------------------------------------------------
[debug] [2022-01-27T16:28:17.330Z] Command:       /usr/bin/node /usr/local/bin/firebase init
[debug] [2022-01-27T16:28:17.330Z] CLI Version:   10.1.2
[debug] [2022-01-27T16:28:17.330Z] Platform:      linux
[debug] [2022-01-27T16:28:17.330Z] Node Version:  v14.17.6
[debug] [2022-01-27T16:28:17.331Z] Time:          Thu Jan 27 2022 17:28:17 GMT+0100 (West Africa Standard Time)
[debug] [2022-01-27T16:28:17.331Z] ----------------------------------------------------------------------
[debug] 
[debug] [2022-01-27T16:28:17.337Z] > command requires scopes: ["email","openid","https://www.googleapis.com/auth/cloudplatformprojects.readonly","https://www.googleapis.com/auth/firebase","https://www.googleapis.com/auth/cloud-platform"]
[debug] [2022-01-27T16:28:17.338Z] > authorizing via signed-in user (kingsleychidubem042@gmail.com)
[info] 
     ######## #### ########  ######## ########     ###     ######  ########
     ##        ##  ##     ## ##       ##     ##  ##   ##  ##       ##
     ######    ##  ########  ######   ########  #########  ######  ######
     ##        ##  ##    ##  ##       ##     ## ##     ##       ## ##
     ##       #### ##     ## ######## ########  ##     ##  ######  ########

You're about to initialize a Firebase project in this directory:

  /home/user/Documents/Workspace/Frontend/react_fb_clientpanel

Before we get started, keep in mind:

  * You are currently outside your home directory

[info] 
=== Project Setup
[info] 
[info] First, let's associate this project directory with a Firebase project.
[info] You can create multiple project aliases by running firebase use --add, 
[info] but for now we'll just set up a default project.
[info] 
[debug] [2022-01-27T16:28:26.627Z] > refreshing access token with scopes: []
[debug] [2022-01-27T16:28:26.628Z] >>> HTTP REQUEST POST https://www.googleapis.com/oauth2/v3/token  
 <request body omitted>
[debug] [2022-01-27T16:28:32.311Z] Authentication Error: Your credentials are no longer valid. Please run firebase login --reauth

For CI servers and headless environments, generate a new token with firebase login:ci
[debug] [2022-01-27T16:28:32.313Z] FirebaseError: Authentication Error: Your credentials are no longer valid. Please run firebase login --reauth

For CI servers and headless environments, generate a new token with firebase login:ci
    at invalidCredentialError (/usr/local/lib/node_modules/firebase-tools/lib/auth.js:141:12)
    at refreshTokens (/usr/local/lib/node_modules/firebase-tools/lib/auth.js:448:15)
    at processTicksAndRejections (internal/process/task_queues.js:95:5)
    at async Client.getAccessToken (/usr/local/lib/node_modules/firebase-tools/lib/apiv2.js:146:23)
    at async Client.addAuthHeader (/usr/local/lib/node_modules/firebase-tools/lib/apiv2.js:137:21)
    at async Client.request (/usr/local/lib/node_modules/firebase-tools/lib/apiv2.js:93:34)
    at async getProjectPage (/usr/local/lib/node_modules/firebase-tools/lib/management/projects.js:233:17)
    at async getFirebaseProjectPage (/usr/local/lib/node_modules/firebase-tools/lib/management/projects.js:250:23)
    at async selectProjectInteractively (/usr/local/lib/node_modules/firebase-tools/lib/management/projects.js:95:41)
    at async Object.doSetup [as project] (/usr/local/lib/node_modules/firebase-tools/lib/init/features/project.js:88:27)
    at async init (/usr/local/lib/node_modules/firebase-tools/lib/init/index.js:19:9)
[error] 
[error] Error: Failed to list Firebase projects. See firebase-debug.log for more info.
